<?xml version="1.0" encoding="UTF-8"?>
<testng-results ignored="0" total="1" passed="1" failed="0" skipped="0">
  <reporter-output>
  </reporter-output>
  <suite started-at="2023-10-27T11:05:32 IST" name="Default suite" finished-at="2023-10-27T11:05:41 IST" duration-ms="9094">
    <groups>
    </groups>
    <test started-at="2023-10-27T11:05:32 IST" name="Default test" finished-at="2023-10-27T11:05:41 IST" duration-ms="9094">
      <class name="scripts.TestCase2">
        <test-method is-config="true" signature="openApp()[pri:0, instance:scripts.TestCase2@537f60bf]" started-at="2023-10-27T11:05:32 IST" name="openApp" finished-at="2023-10-27T11:05:37 IST" duration-ms="4936" status="PASS">
          <reporter-output>
          </reporter-output>
        </test-method> <!-- openApp -->
        <test-method signature="tc2()[pri:0, instance:scripts.TestCase2@537f60bf]" started-at="2023-10-27T11:05:37 IST" name="tc2" finished-at="2023-10-27T11:05:41 IST" duration-ms="3155" status="PASS">
          <reporter-output>
          </reporter-output>
        </test-method> <!-- tc2 -->
        <test-method is-config="true" signature="closeApp(org.testng.ITestResult)[pri:0, instance:scripts.TestCase2@537f60bf]" started-at="2023-10-27T11:05:41 IST" name="closeApp" finished-at="2023-10-27T11:05:41 IST" duration-ms="910" status="PASS">
          <params>
            <param index="0">
              <value>
                <![CDATA[[TestResult name=tc2 status=SUCCESS method=TestCase2.tc2()[pri:0, instance:scripts.TestCase2@537f60bf] output={null}]]]>
              </value>
            </param>
          </params>
          <reporter-output>
          </reporter-output>
        </test-method> <!-- closeApp -->
      </class> <!-- scripts.TestCase2 -->
    </test> <!-- Default test -->
  </suite> <!-- Default suite -->
</testng-results>
